###############################################################################
#                                                                             #
# IAR C/C++ Compiler V8.10.1.40194/W32 for 8051         02/Dec/2018  17:28:50 #
# Copyright 2004-2011 IAR Systems AB.                                         #
#                                                                             #
#    Core               =  plain                                              #
#    Code model         =  banked                                             #
#    Data model         =  large                                              #
#    Calling convention =  xdata reentrant                                    #
#    Constant location  =  data_rom                                           #
#    Dptr setup         =  1,16                                               #
#    Source file        =  F:\2019\国创-1100\下位机程序（CC2530）\ZStack-CC25 #
#                          30-2.3.0-1.4.0\Projects\zstack\Samples\SampleApp\S #
#                          ource\SampleApp-end2.c                             #
#    Command line       =  -f F:\2019\国创-1100\下位机程序（CC2530）\ZStack-C #
#                          C2530-2.3.0-1.4.0\Projects\zstack\Samples\SampleAp #
#                          p\CC2530DB\..\..\..\Tools\CC2530DB\f8wCoord.cfg    #
#                          (-DCPU32MHZ -DROOT=__near_func                     #
#                          -DMAC_CFG_APP_PENDING_QUEUE=TRUE                   #
#                          -DZDO_COORDINATOR -DRTR_NWK -DBLINK_LEDS) -f       #
#                          F:\2019\国创-1100\下位机程序（CC2530）\ZStack-CC25 #
#                          30-2.3.0-1.4.0\Projects\zstack\Samples\SampleApp\C #
#                          C2530DB\..\..\..\Tools\CC2530DB\f8wConfig.cfg      #
#                          (-DSECURE=0 -DZG_SECURE_DYNAMIC=0 -DREFLECTOR      #
#                          -DDEFAULT_CHANLIST=0x00000800                      #
#                          -DZDAPP_CONFIG_PAN_ID=0xFFF1                       #
#                          -DNWK_START_DELAY=100 -DEXTENDED_JOINING_RANDOM_MA #
#                          SK=0x007F -DBEACON_REQUEST_DELAY=100               #
#                          -DBEACON_REQ_DELAY_MASK=0x00FF                     #
#                          -DROUTE_EXPIRY_TIME=30 -DAPSC_ACK_WAIT_DURATION_PO #
#                          LLED=3000 -DNWK_INDIRECT_MSG_TIMEOUT=7             #
#                          -DMAX_RREQ_ENTRIES=8 -DAPSC_MAX_FRAME_RETRIES=3    #
#                          -DNWK_MAX_DATA_RETRIES=2                           #
#                          -DMAX_POLL_FAILURE_RETRIES=2 -DMAX_BCAST=9         #
#                          -DAPS_MAX_GROUPS=16 -DMAX_RTG_ENTRIES=40           #
#                          -DNWK_MAX_BINDING_ENTRIES=4                        #
#                          -DMAX_BINDING_CLUSTER_IDS=4 "-DDEFAULT_KEY={0x01,  #
#                          0x03, 0x05, 0x07, 0x09, 0x0B, 0x0D, 0x0F, 0x00,    #
#                          0x02, 0x04, 0x06, 0x08, 0x0A, 0x0C, 0x0D}"         #
#                          -DMAC_MAX_FRAME_SIZE=116 "-DCONST=const __code"    #
#                          -DGENERIC=__generic -DRFD_RCVC_ALWAYS_ON=FALSE     #
#                          -DPOLL_RATE=1000 -DQUEUED_POLL_RATE=100            #
#                          -DRESPONSE_POLL_RATE=100) -DREJOIN_POLL_RATE=440   #
#                          F:\2019\国创-1100\下位机程序（CC2530）\ZStack-CC25 #
#                          30-2.3.0-1.4.0\Projects\zstack\Samples\SampleApp\S #
#                          ource\SampleApp-end2.c -D ZIGBEEPRO -D ZTOOL_P1    #
#                          -D xMT_TASK -D xMT_SYS_FUNC -D xMT_ZDO_FUNC -lC    #
#                          F:\2019\国创-1100\下位机程序（CC2530）\ZStack-CC25 #
#                          30-2.3.0-1.4.0\Projects\zstack\Samples\SampleApp\C #
#                          C2530DB\CoordinatorEB-Pro\List\ -lA                #
#                          F:\2019\国创-1100\下位机程序（CC2530）\ZStack-CC25 #
#                          30-2.3.0-1.4.0\Projects\zstack\Samples\SampleApp\C #
#                          C2530DB\CoordinatorEB-Pro\List\ --diag_suppress    #
#                          Pe001,Pa010 -o F:\2019\国创-1100\下位机程序（CC253 #
#                          0）\ZStack-CC2530-2.3.0-1.4.0\Projects\zstack\Samp #
#                          les\SampleApp\CC2530DB\CoordinatorEB-Pro\Obj\ -e   #
#                          --debug --core=plain --dptr=16,1                   #
#                          --data_model=large --code_model=banked             #
#                          --calling_convention=xdata_reentrant               #
#                          --place_constants=data_rom --nr_virtual_regs 16    #
#                          -I F:\2019\国创-1100\下位机程序（CC2530）\ZStack-C #
#                          C2530-2.3.0-1.4.0\Projects\zstack\Samples\SampleAp #
#                          p\CC2530DB\ -I F:\2019\国创-1100\下位机程序（CC253 #
#                          0）\ZStack-CC2530-2.3.0-1.4.0\Projects\zstack\Samp #
#                          les\SampleApp\CC2530DB\..\SOURCE\ -I               #
#                          F:\2019\国创-1100\下位机程序（CC2530）\ZStack-CC25 #
#                          30-2.3.0-1.4.0\Projects\zstack\Samples\SampleApp\C #
#                          C2530DB\..\..\..\ZMAIN\TI2530DB\ -I                #
#                          F:\2019\国创-1100\下位机程序（CC2530）\ZStack-CC25 #
#                          30-2.3.0-1.4.0\Projects\zstack\Samples\SampleApp\C #
#                          C2530DB\..\..\..\..\..\COMPONENTS\MT\ -I           #
#                          F:\2019\国创-1100\下位机程序（CC2530）\ZStack-CC25 #
#                          30-2.3.0-1.4.0\Projects\zstack\Samples\SampleApp\C #
#                          C2530DB\..\..\..\..\..\COMPONENTS\HAL\INCLUDE\ -I  #
#                          F:\2019\国创-1100\下位机程序（CC2530）\ZStack-CC25 #
#                          30-2.3.0-1.4.0\Projects\zstack\Samples\SampleApp\C #
#                          C2530DB\..\..\..\..\..\COMPONENTS\HAL\TARGET\CC253 #
#                          0EB\ -I F:\2019\国创-1100\下位机程序（CC2530）\ZSt #
#                          ack-CC2530-2.3.0-1.4.0\Projects\zstack\Samples\Sam #
#                          pleApp\CC2530DB\..\..\..\..\..\COMPONENTS\OSAL\MCU #
#                          \CCSOC\ -I F:\2019\国创-1100\下位机程序（CC2530）\ #
#                          ZStack-CC2530-2.3.0-1.4.0\Projects\zstack\Samples\ #
#                          SampleApp\CC2530DB\..\..\..\..\..\COMPONENTS\OSAL\ #
#                          INCLUDE\ -I F:\2019\国创-1100\下位机程序（CC2530） #
#                          \ZStack-CC2530-2.3.0-1.4.0\Projects\zstack\Samples #
#                          \SampleApp\CC2530DB\..\..\..\..\..\COMPONENTS\STAC #
#                          K\AF\ -I F:\2019\国创-1100\下位机程序（CC2530）\ZS #
#                          tack-CC2530-2.3.0-1.4.0\Projects\zstack\Samples\Sa #
#                          mpleApp\CC2530DB\..\..\..\..\..\COMPONENTS\STACK\N #
#                          WK\ -I F:\2019\国创-1100\下位机程序（CC2530）\ZSta #
#                          ck-CC2530-2.3.0-1.4.0\Projects\zstack\Samples\Samp #
#                          leApp\CC2530DB\..\..\..\..\..\COMPONENTS\STACK\SEC #
#                          \ -I F:\2019\国创-1100\下位机程序（CC2530）\ZStack #
#                          -CC2530-2.3.0-1.4.0\Projects\zstack\Samples\Sample #
#                          App\CC2530DB\..\..\..\..\..\COMPONENTS\STACK\SAPI\ #
#                           -I F:\2019\国创-1100\下位机程序（CC2530）\ZStack- #
#                          CC2530-2.3.0-1.4.0\Projects\zstack\Samples\SampleA #
#                          pp\CC2530DB\..\..\..\..\..\COMPONENTS\STACK\SYS\   #
#                          -I F:\2019\国创-1100\下位机程序（CC2530）\ZStack-C #
#                          C2530-2.3.0-1.4.0\Projects\zstack\Samples\SampleAp #
#                          p\CC2530DB\..\..\..\..\..\COMPONENTS\STACK\ZDO\    #
#                          -I F:\2019\国创-1100\下位机程序（CC2530）\ZStack-C #
#                          C2530-2.3.0-1.4.0\Projects\zstack\Samples\SampleAp #
#                          p\CC2530DB\..\..\..\..\..\COMPONENTS\ZMAC\F8W\ -I  #
#                          F:\2019\国创-1100\下位机程序（CC2530）\ZStack-CC25 #
#                          30-2.3.0-1.4.0\Projects\zstack\Samples\SampleApp\C #
#                          C2530DB\..\..\..\..\..\COMPONENTS\ZMAC\ -I         #
#                          F:\2019\国创-1100\下位机程序（CC2530）\ZStack-CC25 #
#                          30-2.3.0-1.4.0\Projects\zstack\Samples\SampleApp\C #
#                          C2530DB\..\..\..\..\..\COMPONENTS\SERVICES\SADDR\  #
#                          -I F:\2019\国创-1100\下位机程序（CC2530）\ZStack-C #
#                          C2530-2.3.0-1.4.0\Projects\zstack\Samples\SampleAp #
#                          p\CC2530DB\..\..\..\..\..\COMPONENTS\SERVICES\SDAT #
#                          A\ -I F:\2019\国创-1100\下位机程序（CC2530）\ZStac #
#                          k-CC2530-2.3.0-1.4.0\Projects\zstack\Samples\Sampl #
#                          eApp\CC2530DB\..\..\..\..\..\COMPONENTS\MAC\INCLUD #
#                          E\ -I F:\2019\国创-1100\下位机程序（CC2530）\ZStac #
#                          k-CC2530-2.3.0-1.4.0\Projects\zstack\Samples\Sampl #
#                          eApp\CC2530DB\..\..\..\..\..\COMPONENTS\MAC\HIGH_L #
#                          EVEL\ -I F:\2019\国创-1100\下位机程序（CC2530）\ZS #
#                          tack-CC2530-2.3.0-1.4.0\Projects\zstack\Samples\Sa #
#                          mpleApp\CC2530DB\..\..\..\..\..\COMPONENTS\MAC\LOW #
#                          _LEVEL\srf04\ -I F:\2019\国创-1100\下位机程序（CC2 #
#                          530）\ZStack-CC2530-2.3.0-1.4.0\Projects\zstack\Sa #
#                          mples\SampleApp\CC2530DB\..\..\..\..\..\COMPONENTS #
#                          \MAC\LOW_LEVEL\srf04\SINGLE_CHIP\ -Ohz             #
#                          --require_prototypes                               #
#    List file          =  F:\2019\国创-1100\下位机程序（CC2530）\ZStack-CC25 #
#                          30-2.3.0-1.4.0\Projects\zstack\Samples\SampleApp\C #
#                          C2530DB\CoordinatorEB-Pro\List\SampleApp-end2.lst  #
#    Object file        =  F:\2019\国创-1100\下位机程序（CC2530）\ZStack-CC25 #
#                          30-2.3.0-1.4.0\Projects\zstack\Samples\SampleApp\C #
#                          C2530DB\CoordinatorEB-Pro\Obj\SampleApp-end2.r51   #
#                                                                             #
#                                                                             #
###############################################################################

F:\2019\国创-1100\下位机程序（CC2530）\ZStack-CC2530-2.3.0-1.4.0\Projects\zstack\Samples\SampleApp\Source\SampleApp-end2.c
      1          /**************************************************************************************************
      2            Filename:       SampleApp.c
      3            Revised:        $Date: 2009-03-18 15:56:27 -0700 (Wed, 18 Mar 2009) $
      4            Revision:       $Revision: 19453 $
      5          
      6            Description:    Sample Application (no Profile).
      7          
      8          
      9            Copyright 2007 Texas Instruments Incorporated. All rights reserved.
     10          
     11            IMPORTANT: Your use of this Software is limited to those specific rights
     12            granted under the terms of a software license agreement between the user
     13            who downloaded the software, his/her employer (which must be your employer)
     14            and Texas Instruments Incorporated (the "License").  You may not use this
     15            Software unless you agree to abide by the terms of the License. The License
     16            limits your use, and you acknowledge, that the Software may not be modified,
     17            copied or distributed unless embedded on a Texas Instruments microcontroller
     18            or used solely and exclusively in conjunction with a Texas Instruments radio
     19            frequency transceiver, which is integrated into your product.  Other than for
     20            the foregoing purpose, you may not use, reproduce, copy, prepare derivative
     21            works of, modify, distribute, perform, display or sell this Software and/or
     22            its documentation for any purpose.
     23          
     24            YOU FURTHER ACKNOWLEDGE AND AGREE THAT THE SOFTWARE AND DOCUMENTATION ARE
     25            PROVIDED AS IS?WITHOUT WARRANTY OF ANY KIND, EITHER EXPRESS OR IMPLIED,
     26            INCLUDING WITHOUT LIMITATION, ANY WARRANTY OF MERCHANTABILITY, TITLE,
     27            NON-INFRINGEMENT AND FITNESS FOR A PARTICULAR PURPOSE. IN NO EVENT SHALL
     28            TEXAS INSTRUMENTS OR ITS LICENSORS BE LIABLE OR OBLIGATED UNDER CONTRACT,
     29            NEGLIGENCE, STRICT LIABILITY, CONTRIBUTION, BREACH OF WARRANTY, OR OTHER
     30            LEGAL EQUITABLE THEORY ANY DIRECT OR INDIRECT DAMAGES OR EXPENSES
     31            INCLUDING BUT NOT LIMITED TO ANY INCIDENTAL, SPECIAL, INDIRECT, PUNITIVE
     32            OR CONSEQUENTIAL DAMAGES, LOST PROFITS OR LOST DATA, COST OF PROCUREMENT
     33            OF SUBSTITUTE GOODS, TECHNOLOGY, SERVICES, OR ANY CLAIMS BY THIRD PARTIES
     34            (INCLUDING BUT NOT LIMITED TO ANY DEFENSE THEREOF), OR OTHER SIMILAR COSTS.
     35          
     36            Should you have any questions regarding your right to use this Software,
     37            contact Texas Instruments Incorporated at www.TI.com.
     38          **************************************************************************************************/
     39          
     40          /*********************************************************************
     41            This application isn't intended to do anything useful, it is
     42            intended to be a simple example of an application's structure.
     43          
     44            This application sends it's messages either as broadcast or
     45            broadcast filtered group messages.  The other (more normal)
     46            message addressing is unicast.  Most of the other sample
     47            applications are written to support the unicast message model.
     48          
     49            Key control:
     50              SW1:  Sends a flash command to all devices in Group 1.
     51              SW2:  Adds/Removes (toggles) this device in and out
     52                    of Group 1.  This will enable and disable the
     53                    reception of the flash command.
     54          *********************************************************************/
     55          
     56          /*********************************************************************
     57           * INCLUDES
     58           */
     59          #include "OSAL.h"
     60          #include "ZGlobals.h"
     61          #include "AF.h"
     62          #include "aps_groups.h"
     63          #include "ZDApp.h"
     64          
     65          #include "SampleApp.h"
     66          #include "SampleAppHw.h"
     67          
     68          #include "OnBoard.h"

   \                                 In  segment SFR_AN, at 0x90
   \   union <unnamed> volatile __sfr _A_P1
   \                     _A_P1:
   \   000000                DS 1

   \                                 In  segment SFR_AN, at 0xf4
   \   unsigned char volatile __sfr P1SEL
   \                     P1SEL:
   \   000000                DS 1

   \                                 In  segment SFR_AN, at 0xf6
   \   unsigned char volatile __sfr P1INP
   \                     P1INP:
   \   000000                DS 1

   \                                 In  segment SFR_AN, at 0xfe
   \   unsigned char volatile __sfr P1DIR
   \                     P1DIR:
   \   000000                DS 1
     69          
     70          /* HAL */
     71          #include "hal_lcd.h"
     72          #include "hal_led.h"
     73          #include "hal_key.h"
     74          #include "ADC.h"
     75          #include "dht11.h"
     76          /*********************************************************************
     77           * MACROS
     78           */
     79          
     80          /*********************************************************************
     81           * CONSTANTS
     82           */
     83          
     84          /*********************************************************************
     85           * TYPEDEFS
     86           */
     87          
     88          /*********************************************************************
     89           * GLOBAL VARIABLES
     90           */

   \                                 In  segment XDATA_Z, align 1, keep-with-next
     91          uint8 LedState = 0;
   \                     LedState:
   \   000000                DS 1
   \   000001                REQUIRE __INIT_XDATA_Z

   \                                 In  segment XDATA_I, align 1, keep-with-next
     92          uint8 set_shidu=60;
   \                     set_shidu:
   \   000000                DS 1
   \   000001                REQUIRE `?<Initializer for set_shidu>`
   \   000001                REQUIRE __INIT_XDATA_I
     93          
     94          // This list should be filled with Application specific Cluster IDs.

   \                                 In  segment XDATA_ROM_C, align 1
     95          const cId_t SampleApp_ClusterList[SAMPLEAPP_MAX_CLUSTERS] =
   \                     SampleApp_ClusterList:
   \   000000   0100         DW 1
   \   000002   0200         DW 2
   \   000004   0300         DW 3
   \   000006   0400         DW 4
     96          {
     97            SAMPLEAPP_PERIODIC_CLUSTERID,
     98            SAMPLEAPP_FLASH_CLUSTERID,
     99            SAMPLEAPP_COM_CLUSTERID,      
    100            SAMPLEAPP_P2P_CLUSTERID      
    101          };
    102          

   \                                 In  segment XDATA_ROM_C, align 1
    103          const SimpleDescriptionFormat_t SampleApp_SimpleDesc =
   \                     SampleApp_SimpleDesc:
   \   000000   14           DB 20
   \   000001   080F         DW 3848
   \   000003   0100         DW 1
   \   000005   00           DB 0
   \   000006   04           DB 4
   \   000007   ....         DW SampleApp_ClusterList
   \   000009   04           DB 4
   \   00000A   ....         DW SampleApp_ClusterList
    104          {
    105            SAMPLEAPP_ENDPOINT,              //  int Endpoint;
    106            SAMPLEAPP_PROFID,                //  uint16 AppProfId[2];
    107            SAMPLEAPP_DEVICEID,              //  uint16 AppDeviceId[2];
    108            SAMPLEAPP_DEVICE_VERSION,        //  int   AppDevVer:4;
    109            SAMPLEAPP_FLAGS,                 //  int   AppFlags:4;
    110            SAMPLEAPP_MAX_CLUSTERS,          //  uint8  AppNumInClusters;
    111            (cId_t *)SampleApp_ClusterList,  //  uint8 *pAppInClusterList;
    112            SAMPLEAPP_MAX_CLUSTERS,          //  uint8  AppNumInClusters;
    113            (cId_t *)SampleApp_ClusterList   //  uint8 *pAppInClusterList;
    114          };
    115          
    116          // This is the Endpoint/Interface description.  It is defined here, but
    117          // filled-in in SampleApp_Init().  Another way to go would be to fill
    118          // in the structure here and make it a "const" (in code space).  The
    119          // way it's defined in this sample app it is define in RAM.

   \                                 In  segment XDATA_Z, align 1, keep-with-next
    120          endPointDesc_t SampleApp_epDesc;
   \                     SampleApp_epDesc:
   \   000000                DS 6
   \   000006                REQUIRE __INIT_XDATA_Z
    121          
    122          /*********************************************************************
    123           * EXTERNAL VARIABLES
    124           */
    125          
    126          /*********************************************************************
    127           * EXTERNAL FUNCTIONS
    128           */
    129          
    130          /*********************************************************************
    131           * LOCAL VARIABLES
    132           */

   \                                 In  segment XDATA_Z, align 1, keep-with-next
    133          uint8 SampleApp_TaskID;   // Task ID for internal task/event processing
   \                     SampleApp_TaskID:
   \   000000                DS 1
   \   000001                REQUIRE __INIT_XDATA_Z
    134                                    // This variable will be received when
    135                                    // SampleApp_Init() is called.

   \                                 In  segment XDATA_Z, align 1, keep-with-next
    136          devStates_t SampleApp_NwkState;
   \                     SampleApp_NwkState:
   \   000000                DS 1
   \   000001                REQUIRE __INIT_XDATA_Z
    137          

   \                                 In  segment XDATA_Z, align 1, keep-with-next
    138          uint8 SampleApp_TransID;  // This is the unique message ID (counter)
   \                     SampleApp_TransID:
   \   000000                DS 1
   \   000001                REQUIRE __INIT_XDATA_Z
    139          

   \                                 In  segment XDATA_Z, align 1, keep-with-next
    140          afAddrType_t SampleApp_Periodic_DstAddr;  //广播
   \                     SampleApp_Periodic_DstAddr:
   \   000000                DS 12
   \   00000C                REQUIRE __INIT_XDATA_Z

   \                                 In  segment XDATA_Z, align 1, keep-with-next
    141          afAddrType_t SampleApp_Flash_DstAddr;//组播
   \                     SampleApp_Flash_DstAddr:
   \   000000                DS 12
   \   00000C                REQUIRE __INIT_XDATA_Z
    142          

   \                                 In  segment XDATA_Z, align 1, keep-with-next
    143          aps_Group_t SampleApp_Group;
   \                     SampleApp_Group:
   \   000000                DS 18
   \   000012                REQUIRE __INIT_XDATA_Z
    144          

   \                                 In  segment XDATA_Z, align 1, keep-with-next
    145          uint8 SampleAppPeriodicCounter = 0;
   \                     SampleAppPeriodicCounter:
   \   000000                DS 1
   \   000001                REQUIRE __INIT_XDATA_Z

   \                                 In  segment XDATA_Z, align 1, keep-with-next
    146          uint8 SampleAppFlashCounter = 0;
   \                     SampleAppFlashCounter:
   \   000000                DS 1
   \   000001                REQUIRE __INIT_XDATA_Z

   \                                 In  segment XDATA_Z, align 1, keep-with-next
    147          uint8 sensor_value[20];//保存传感器值
   \                     sensor_value:
   \   000000                DS 20
   \   000014                REQUIRE __INIT_XDATA_Z
    148          
    149          /*********************************************************************
    150           * LOCAL FUNCTIONS
    151           */
    152          void SampleApp_HandleKeys( uint8 shift, uint8 keys );
    153          void SampleApp_MessageMSGCB( afIncomingMSGPacket_t *pckt );
    154          void SampleApp_SendPeriodicMessage( void );
    155          void SampleApp_SendFlashMessage( uint16 flashTime );
    156          /*********************************************************************
    157           * NETWORK LAYER CALLBACKS
    158           */
    159          
    160          /*********************************************************************
    161           * PUBLIC FUNCTIONS
    162           */
    163          
    164          /*********************************************************************
    165           * @fn      SampleApp_Init
    166           *
    167           * @brief   Initialization function for the Generic App Task.
    168           *          This is called during initialization and should contain
    169           *          any application specific initialization (ie. hardware
    170           *          initialization/setup, table initialization, power up
    171           *          notificaiton ... ).
    172           *
    173           * @param   task_id - the ID assigned by OSAL.  This ID should be
    174           *                    used to send messages and set timers.
    175           *
    176           * @return  none
    177           */

   \                                 In  segment BANKED_CODE, align 1, keep-with-next
    178          void SampleApp_Init( uint8 task_id )
   \                     SampleApp_Init:
    179          {
   \   000000   74F5         MOV     A,#-0xb
   \   000002   12....       LCALL   ?BANKED_ENTER_XDATA
   \   000005                ; Saved register size: 11
   \   000005                ; Auto size: 0
   \   000005   E9           MOV     A,R1
    180            SampleApp_TaskID = task_id;
   \   000006   90....       MOV     DPTR,#SampleApp_TaskID
   \   000009   F0           MOVX    @DPTR,A
    181            SampleApp_NwkState = DEV_INIT;
   \   00000A   90....       MOV     DPTR,#SampleApp_NwkState
   \   00000D   7401         MOV     A,#0x1
   \   00000F   F0           MOVX    @DPTR,A
    182            SampleApp_TransID = 0;
   \   000010   90....       MOV     DPTR,#SampleApp_TransID
   \   000013   E4           CLR     A
   \   000014   F0           MOVX    @DPTR,A
    183          
    184           
    185            
    186            // Device hardware initialization can be added here or in main() (Zmain.c).
    187            // If the hardware is application specific - add it here.
    188            // If the hardware is other parts of the device add it in main().
    189          
    190           #if defined ( BUILD_ALL_DEVICES )
    191            // The "Demo" target is setup to have BUILD_ALL_DEVICES and HOLD_AUTO_START
    192            // We are looking at a jumper (defined in SampleAppHw.c) to be jumpered
    193            // together - if they are - we will start up a coordinator. Otherwise,
    194            // the device will start as a router.
    195            if ( readCoordinatorJumper() )
    196              zgDeviceLogicalType = ZG_DEVICETYPE_COORDINATOR;
    197            else
    198              zgDeviceLogicalType = ZG_DEVICETYPE_ROUTER;
    199          #endif // BUILD_ALL_DEVICES
    200          
    201          #if defined ( HOLD_AUTO_START )
    202            // HOLD_AUTO_START is a compile option that will surpress ZDApp
    203            //  from starting the device and wait for the application to
    204            //  start the device.
    205            ZDOInitDevice(0);
    206          #endif
    207          
    208            // Setup for the periodic message's destination address
    209            // Broadcast to everyone
    210            SampleApp_Periodic_DstAddr.addrMode = (afAddrMode_t)AddrBroadcast;
   \   000015   90....       MOV     DPTR,#SampleApp_Periodic_DstAddr + 8
   \   000018   740F         MOV     A,#0xf
   \   00001A   F0           MOVX    @DPTR,A
    211            SampleApp_Periodic_DstAddr.endPoint = SAMPLEAPP_ENDPOINT;
   \   00001B   A3           INC     DPTR
   \   00001C   7414         MOV     A,#0x14
   \   00001E   F0           MOVX    @DPTR,A
    212            SampleApp_Periodic_DstAddr.addr.shortAddr = 0xFFFF;
   \   00001F   90....       MOV     DPTR,#SampleApp_Periodic_DstAddr
   \   000022   74FF         MOV     A,#-0x1
   \   000024   F0           MOVX    @DPTR,A
   \   000025   A3           INC     DPTR
   \   000026   F0           MOVX    @DPTR,A
    213          
    214            // Setup for the flash command's destination address - Group 1
    215            SampleApp_Flash_DstAddr.addrMode = (afAddrMode_t)afAddrGroup;
   \   000027   90....       MOV     DPTR,#SampleApp_Flash_DstAddr + 8
   \   00002A   7401         MOV     A,#0x1
   \   00002C   F0           MOVX    @DPTR,A
    216            SampleApp_Flash_DstAddr.endPoint = SAMPLEAPP_ENDPOINT;
   \   00002D   A3           INC     DPTR
   \   00002E   7414         MOV     A,#0x14
   \   000030   F0           MOVX    @DPTR,A
    217            SampleApp_Flash_DstAddr.addr.shortAddr = SAMPLEAPP_FLASH_GROUP; //组号1
   \   000031   90....       MOV     DPTR,#SampleApp_Flash_DstAddr
   \   000034   7401         MOV     A,#0x1
   \   000036   F0           MOVX    @DPTR,A
   \   000037   A3           INC     DPTR
   \   000038   E4           CLR     A
   \   000039   F0           MOVX    @DPTR,A
    218            
    219            // Fill out the endpoint description.
    220            SampleApp_epDesc.endPoint = SAMPLEAPP_ENDPOINT;
   \   00003A   90....       MOV     DPTR,#SampleApp_epDesc
   \   00003D   7414         MOV     A,#0x14
   \   00003F   F0           MOVX    @DPTR,A
    221            SampleApp_epDesc.task_id = &SampleApp_TaskID;
   \   000040   A3           INC     DPTR
   \   000041   74..         MOV     A,#SampleApp_TaskID & 0xff
   \   000043   F0           MOVX    @DPTR,A
   \   000044   A3           INC     DPTR
   \   000045   74..         MOV     A,#(SampleApp_TaskID >> 8) & 0xff
   \   000047   F0           MOVX    @DPTR,A
    222            SampleApp_epDesc.simpleDesc
    223                      = (SimpleDescriptionFormat_t *)&SampleApp_SimpleDesc;
   \   000048   A3           INC     DPTR
   \   000049   74..         MOV     A,#SampleApp_SimpleDesc & 0xff
   \   00004B   F0           MOVX    @DPTR,A
   \   00004C   A3           INC     DPTR
   \   00004D   74..         MOV     A,#(SampleApp_SimpleDesc >> 8) & 0xff
   \   00004F   F0           MOVX    @DPTR,A
    224            SampleApp_epDesc.latencyReq = noLatencyReqs;
   \   000050   A3           INC     DPTR
   \   000051   E4           CLR     A
   \   000052   F0           MOVX    @DPTR,A
    225          
    226            // Register the endpoint description with the AF
    227            afRegister( &SampleApp_epDesc );
   \   000053                ; Setup parameters for call to function afRegister
   \   000053   7A..         MOV     R2,#SampleApp_epDesc & 0xff
   \   000055   7B..         MOV     R3,#(SampleApp_epDesc >> 8) & 0xff
   \   000057   12....       LCALL   ??afRegister?relay
    228          
    229            // Register for all key events - This app will handle all key events
    230            RegisterForKeys( SampleApp_TaskID );
   \   00005A                ; Setup parameters for call to function RegisterForKeys
   \   00005A   90....       MOV     DPTR,#SampleApp_TaskID
   \   00005D   E0           MOVX    A,@DPTR
   \   00005E   F9           MOV     R1,A
   \   00005F   12....       LCALL   ??RegisterForKeys?relay
    231          
    232            // By default, all devices start out in Group 1
    233            SampleApp_Group.ID = 0x0001;
   \   000062   90....       MOV     DPTR,#SampleApp_Group
   \   000065   7401         MOV     A,#0x1
   \   000067   F0           MOVX    @DPTR,A
   \   000068   A3           INC     DPTR
   \   000069   E4           CLR     A
   \   00006A   F0           MOVX    @DPTR,A
    234            osal_memcpy( SampleApp_Group.name, "Group 1", 7 );
   \   00006B                ; Setup parameters for call to function osal_memcpy
   \   00006B   75....       MOV     ?V0 + 0,#`?<Constant "Group 1">` & 0xff
   \   00006E   75....       MOV     ?V0 + 1,#(`?<Constant "Group 1">` >> 8) & 0xff
   \   000071   F5..         MOV     ?V0 + 2,A
   \   000073   78..         MOV     R0,#?V0 + 0
   \   000075   12....       LCALL   ?PUSH_XSTACK_I_THREE
   \   000078   7C07         MOV     R4,#0x7
   \   00007A   7D00         MOV     R5,#0x0
   \   00007C   7A..         MOV     R2,#(SampleApp_Group + 2) & 0xff
   \   00007E   7B..         MOV     R3,#((SampleApp_Group + 2) >> 8) & 0xff
   \   000080   12....       LCALL   ??osal_memcpy?relay
   \   000083   7403         MOV     A,#0x3
   \   000085   12....       LCALL   ?DEALLOC_XSTACK8
    235            aps_AddGroup( SAMPLEAPP_ENDPOINT, &SampleApp_Group );
   \   000088                ; Setup parameters for call to function aps_AddGroup
   \   000088   7A..         MOV     R2,#SampleApp_Group & 0xff
   \   00008A   7B..         MOV     R3,#(SampleApp_Group >> 8) & 0xff
   \   00008C   7914         MOV     R1,#0x14
   \   00008E   12....       LCALL   ??aps_AddGroup?relay
    236          
    237          #if defined ( LCD_SUPPORTED )
    238           // HalLcdWriteString( "SampleApp", HAL_LCD_LINE_1 ); 
    239          #endif
    240          }
   \   000091   7F03         MOV     R7,#0x3
   \   000093   02....       LJMP    ?BANKED_LEAVE_XDATA
    241          
    242          /*********************************************************************
    243           * @fn      SampleApp_ProcessEvent
    244           *
    245           * @brief   Generic Application Task event processor.  This function
    246           *          is called to process all events for the task.  Events
    247           *          include timers, messages and any other user defined events.
    248           *
    249           * @param   task_id  - The OSAL assigned task ID.
    250           * @param   events - events to process.  This is a bit map and can
    251           *                   contain more than one event.
    252           *
    253           * @return  none
    254           */

   \                                 In  segment BANKED_CODE, align 1, keep-with-next
    255          uint16 SampleApp_ProcessEvent( uint8 task_id, uint16 events )
   \                     SampleApp_ProcessEvent:
    256          { uint8 i;
                         ^
Warning[Pe177]: variable "i" was declared but never referenced
   \   000000   74F4         MOV     A,#-0xc
   \   000002   12....       LCALL   ?BANKED_ENTER_XDATA
   \   000005                ; Saved register size: 12
   \   000005                ; Auto size: 0
   \   000005   EA           MOV     A,R2
   \   000006   FE           MOV     R6,A
   \   000007   EB           MOV     A,R3
   \   000008   FF           MOV     R7,A
    257            afIncomingMSGPacket_t *MSGpkt;
    258            (void)task_id;  // Intentionally unreferenced parameter
    259          
    260            if ( events & SYS_EVENT_MSG )
   \   000009   5480         ANL     A,#0x80
   \   00000B   6072         JZ      ??SampleApp_ProcessEvent_0
    261            {
    262              MSGpkt = (afIncomingMSGPacket_t *)osal_msg_receive( SampleApp_TaskID );
   \   00000D                ; Setup parameters for call to function osal_msg_receive
   \   00000D   803C         SJMP    ??SampleApp_ProcessEvent_1
    263              while ( MSGpkt )
    264              {
    265                switch ( MSGpkt->hdr.event )
    266                {
    267                  // Received when a key is pressed
    268                  case KEY_CHANGE:
    269                  //  SampleApp_HandleKeys( ((keyChange_t *)MSGpkt)->state, ((keyChange_t *)MSGpkt)->keys );
    270                    break;
    271          
    272                  // Received when a messages is received (OTA) for this endpoint
    273                  case AF_INCOMING_MSG_CMD:
    274                    SampleApp_MessageMSGCB( MSGpkt );
    275                    break;
    276          
    277                  // Received whenever the device changes state in the network
    278                  case ZDO_STATE_CHANGE:
    279                    SampleApp_NwkState = (devStates_t)(MSGpkt->hdr.status);
   \                     ??SampleApp_ProcessEvent_2:
   \   00000F   A3           INC     DPTR
   \   000010   E0           MOVX    A,@DPTR
   \   000011   90....       MOV     DPTR,#SampleApp_NwkState
   \   000014   F0           MOVX    @DPTR,A
    280                    if ((SampleApp_NwkState == DEV_ROUTER)|| (SampleApp_NwkState == DEV_END_DEVICE) )
   \   000015   6407         XRL     A,#0x7
   \   000017   6005         JZ      ??SampleApp_ProcessEvent_3
   \   000019   E0           MOVX    A,@DPTR
   \   00001A   6406         XRL     A,#0x6
   \   00001C   7026         JNZ     ??SampleApp_ProcessEvent_4
    281                    {
    282                        P1SEL&=~0x20;//作为普通IO口 
   \                     ??SampleApp_ProcessEvent_3:
   \   00001E   53F4DF       ANL     0xf4,#0xdf
    283                        P1DIR|=0x20;  //P1_5定义为输出 
   \   000021   43FE20       ORL     0xfe,#0x20
    284                        P1INP&=~0x20; //打开上拉
   \   000024   53F6DF       ANL     0xf6,#0xdf
    285                        P1_5=1;
   \   000027   D295         SETB    0x90.5
    286                        HalLedSet(HAL_LED_1,HAL_LED_MODE_ON);
   \   000029                ; Setup parameters for call to function HalLedSet
   \   000029   7A01         MOV     R2,#0x1
   \   00002B   7901         MOV     R1,#0x1
   \   00002D   12....       LCALL   ??HalLedSet?relay
    287                        HalLedSet(HAL_LED_2,HAL_LED_MODE_ON);
   \   000030                ; Setup parameters for call to function HalLedSet
   \   000030   7A01         MOV     R2,#0x1
   \   000032   7902         MOV     R1,#0x2
   \   000034   12....       LCALL   ??HalLedSet?relay
    288                        HalLedBlink (HAL_LED_1,4, 50, 500);
   \   000037                ; Setup parameters for call to function HalLedBlink
   \   000037   7CF4         MOV     R4,#-0xc
   \   000039   7D01         MOV     R5,#0x1
   \   00003B   7B32         MOV     R3,#0x32
   \   00003D   7A04         MOV     R2,#0x4
   \   00003F   7901         MOV     R1,#0x1
   \   000041   12....       LCALL   ??HalLedBlink?relay
    289                      // osal_start_timerEx( SampleApp_TaskID,SAMPLEAPP_SEND_PERIODIC_MSG_EVT,2000 );//周期采集传感器值  
    290                    }
    291                    else
    292                    {
    293                      // Device is no longer in the network
    294                    }
    295                    break;
    296          
    297                  default:
    298                    break;
    299                }
    300          
    301                // Release the memory
    302                osal_msg_deallocate( (uint8 *)MSGpkt );
   \                     ??SampleApp_ProcessEvent_4:
   \   000044                ; Setup parameters for call to function osal_msg_deallocate
   \   000044   AA..         MOV     R2,?V0 + 0
   \   000046   AB..         MOV     R3,?V0 + 1
   \   000048   12....       LCALL   ??osal_msg_deallocate?relay
    303          
    304                // Next - if one is available
    305                MSGpkt = (afIncomingMSGPacket_t *)osal_msg_receive( SampleApp_TaskID );
   \   00004B                ; Setup parameters for call to function osal_msg_receive
   \                     ??SampleApp_ProcessEvent_1:
   \   00004B   90....       MOV     DPTR,#SampleApp_TaskID
   \   00004E   E0           MOVX    A,@DPTR
   \   00004F   F9           MOV     R1,A
   \   000050   12....       LCALL   ??osal_msg_receive?relay
   \   000053   8A..         MOV     ?V0 + 0,R2
   \   000055   8B..         MOV     ?V0 + 1,R3
   \   000057   E5..         MOV     A,?V0 + 0
   \   000059   45..         ORL     A,?V0 + 1
   \   00005B   601A         JZ      ??SampleApp_ProcessEvent_5
   \   00005D   85..82       MOV     DPL,?V0 + 0
   \   000060   85..83       MOV     DPH,?V0 + 1
   \   000063   E0           MOVX    A,@DPTR
   \   000064   24E6         ADD     A,#-0x1a
   \   000066   6006         JZ      ??SampleApp_ProcessEvent_6
   \   000068   2449         ADD     A,#0x49
   \   00006A   60A3         JZ      ??SampleApp_ProcessEvent_2
   \   00006C   80D6         SJMP    ??SampleApp_ProcessEvent_4
   \                     ??SampleApp_ProcessEvent_6:
   \   00006E                ; Setup parameters for call to function SampleApp_MessageMSGCB
   \   00006E   AA..         MOV     R2,?V0 + 0
   \   000070   AB..         MOV     R3,?V0 + 1
   \   000072   12....       LCALL   ??SampleApp_MessageMSGCB?relay
   \   000075   80CD         SJMP    ??SampleApp_ProcessEvent_4
    306              }
    307          
    308              // return unprocessed events
    309              return (events ^ SYS_EVENT_MSG);
   \                     ??SampleApp_ProcessEvent_5:
   \   000077   EE           MOV     A,R6
   \   000078   FA           MOV     R2,A
   \   000079   EF           MOV     A,R7
   \   00007A   6480         XRL     A,#0x80
   \                     ??SampleApp_ProcessEvent_7:
   \   00007C   FB           MOV     R3,A
   \   00007D   8020         SJMP    ??SampleApp_ProcessEvent_8
    310            }
    311          
    312            // Send a message out - This event is generated by a timer
    313            //  (setup in SampleApp_Init()).
    314            if ( events & SAMPLEAPP_SEND_PERIODIC_MSG_EVT )
   \                     ??SampleApp_ProcessEvent_0:
   \   00007F   EE           MOV     A,R6
   \   000080   A2E0         MOV     C,0xE0 /* A   */.0
   \   000082   5017         JNC     ??SampleApp_ProcessEvent_9
    315            {
    316              // Setup to send message again in normal period (+ a little jitter)
    317              osal_start_timerEx( SampleApp_TaskID, SAMPLEAPP_SEND_PERIODIC_MSG_EVT,
    318                 2000);
   \   000084                ; Setup parameters for call to function osal_start_timerEx
   \   000084   7CD0         MOV     R4,#-0x30
   \   000086   7D07         MOV     R5,#0x7
   \   000088   7A01         MOV     R2,#0x1
   \   00008A   7B00         MOV     R3,#0x0
   \   00008C   90....       MOV     DPTR,#SampleApp_TaskID
   \   00008F   E0           MOVX    A,@DPTR
   \   000090   F9           MOV     R1,A
   \   000091   12....       LCALL   ??osal_start_timerEx?relay
    319          
    320              // return unprocessed events
    321              return (events ^ SAMPLEAPP_SEND_PERIODIC_MSG_EVT);
   \   000094   EE           MOV     A,R6
   \   000095   6401         XRL     A,#0x1
   \   000097   FA           MOV     R2,A
   \   000098   EF           MOV     A,R7
   \   000099   80E1         SJMP    ??SampleApp_ProcessEvent_7
    322            }
    323          
    324            // Discard unknown events
    325            return 0;
   \                     ??SampleApp_ProcessEvent_9:
   \   00009B   7A00         MOV     R2,#0x0
   \   00009D   7B00         MOV     R3,#0x0
   \                     ??SampleApp_ProcessEvent_8:
   \   00009F   7F04         MOV     R7,#0x4
   \   0000A1   02....       LJMP    ?BANKED_LEAVE_XDATA
   \   0000A4                REQUIRE P1SEL
   \   0000A4                REQUIRE P1DIR
   \   0000A4                REQUIRE P1INP
   \   0000A4                REQUIRE _A_P1
    326          }
    327          
    328          
    329          /*********************************************************************
    330           * LOCAL FUNCTIONS
    331           */
    332          
    333          /*********************************************************************
    334           * @fn      SampleApp_MessageMSGCB
    335           *
    336           * @brief   Data message processor callback.  This function processes
    337           *          any incoming data - probably from other devices.  So, based
    338           *          on cluster ID, perform the intended action.
    339           *
    340           * @param   none
    341           *
    342           * @return  none
    343           */

   \                                 In  segment BANKED_CODE, align 1, keep-with-next
    344          void SampleApp_MessageMSGCB( afIncomingMSGPacket_t *pkt )
   \                     SampleApp_MessageMSGCB:
    345          {
   \   000000   74EC         MOV     A,#-0x14
   \   000002   12....       LCALL   ?BANKED_ENTER_XDATA
   \   000005                ; Saved register size: 20
   \   000005                ; Auto size: 21
   \   000005   74EB         MOV     A,#-0x15
   \   000007   12....       LCALL   ?ALLOC_XSTACK8
    346            uint8 coor_to_end[3];//接收的无线数据（采集）
    347            uint8 coor_to_con[3];//接收的无线数据(控制)
    348            uint8 byte_len;//字节长度
                         ^
Warning[Pe550]: variable "byte_len" was set but never used
    349            uint8 end_sensor[12];
    350            uint8 end_con[3];
    351            uint8 shidu_cel=0;
    352            float temp;
    353            switch ( pkt->clusterId )
   \   00000A   8A82         MOV     DPL,R2
   \   00000C   8B83         MOV     DPH,R3
   \   00000E   A3           INC     DPTR
   \   00000F   A3           INC     DPTR
   \   000010   A3           INC     DPTR
   \   000011   A3           INC     DPTR
   \   000012   E0           MOVX    A,@DPTR
   \   000013   F5..         MOV     ?V0 + 0,A
   \   000015   A3           INC     DPTR
   \   000016   E0           MOVX    A,@DPTR
   \   000017   F5..         MOV     ?V0 + 1,A
   \   000019   78..         MOV     R0,#?V0 + 0
   \   00001B   12....       LCALL   ?US_SWITCH_DENSE
   \                     `?<Jumptable for SampleApp_MessageMSGCB>_0`:
   \   00001E   0100         DW        1
   \   000020   01           DB        1
   \   000021   ....         DW        ??SampleApp_MessageMSGCB_0
   \   000023   ....         DW        ??SampleApp_MessageMSGCB_1
   \   000025   ....         DW        ??SampleApp_MessageMSGCB_2
    354            {    
    355              case SAMPLEAPP_PERIODIC_CLUSTERID: //表示周期函数
    356                    osal_memcpy(coor_to_end,pkt->cmd.Data,pkt->cmd.DataLength);   // 对无线数据进行处理
   \                     ??SampleApp_MessageMSGCB_1:
   \   000027                ; Setup parameters for call to function osal_memcpy
   \   000027   12....       LCALL   ?Subroutine0 & 0xFFFF
   \                     ??CrossCallReturnLabel_0:
   \   00002A   12....       LCALL   ?PUSH_XSTACK_I_THREE
   \   00002D   12....       LCALL   ?Subroutine3 & 0xFFFF
   \                     ??CrossCallReturnLabel_6:
   \   000030   7409         MOV     A,#0x9
   \   000032   12....       LCALL   ?XSTACK_DISP0_8
   \   000035   AA82         MOV     R2,DPL
   \   000037   AB83         MOV     R3,DPH
   \   000039   12....       LCALL   ??osal_memcpy?relay
   \   00003C   7403         MOV     A,#0x3
   \   00003E   12....       LCALL   ?DEALLOC_XSTACK8
    357                    byte_len=pkt->cmd.DataLength;
    358                    if(coor_to_end[0]==0x02&&coor_to_end[1]==0x03)
   \   000041   7406         MOV     A,#0x6
   \   000043   12....       LCALL   ?XSTACK_DISP0_8
   \   000046   E0           MOVX    A,@DPTR
   \   000047   6402         XRL     A,#0x2
   \   000049   6003         JZ      $+5
   \   00004B   02....       LJMP    ??SampleApp_MessageMSGCB_0 & 0xFFFF
   \   00004E   7407         MOV     A,#0x7
   \   000050   12....       LCALL   ?XSTACK_DISP0_8
   \   000053   E0           MOVX    A,@DPTR
   \   000054   6403         XRL     A,#0x3
   \   000056   6003         JZ      $+5
   \   000058   02....       LJMP    ??SampleApp_MessageMSGCB_0 & 0xFFFF
    359                    {
    360                        end_sensor[0]=0x02;//地址
   \   00005B   7409         MOV     A,#0x9
   \   00005D   12....       LCALL   ?XSTACK_DISP0_8
   \   000060   7402         MOV     A,#0x2
   \   000062   F0           MOVX    @DPTR,A
    361                        end_sensor[1]=0x03;//功能代码
   \   000063   740A         MOV     A,#0xa
   \   000065   12....       LCALL   ?XSTACK_DISP0_8
   \   000068   7403         MOV     A,#0x3
   \   00006A   F0           MOVX    @DPTR,A
    362                        temp=3.33-get5();//获取烟雾值
   \   00006B   75..B8       MOV     ?V0 + 4,#-0x48
   \   00006E   75..1E       MOV     ?V0 + 5,#0x1e
   \   000071   75..55       MOV     ?V0 + 6,#0x55
   \   000074   75..40       MOV     ?V0 + 7,#0x40
   \   000077                ; Setup parameters for call to function get5
   \   000077   12....       LCALL   ??get5?relay
   \   00007A   8A..         MOV     ?V0 + 0,R2
   \   00007C   8B..         MOV     ?V0 + 1,R3
   \   00007E   8C..         MOV     ?V0 + 2,R4
   \   000080   8D..         MOV     ?V0 + 3,R5
   \   000082   78..         MOV     R0,#?V0 + 4
   \   000084   79..         MOV     R1,#?V0 + 0
   \   000086   12....       LCALL   ?FLT_SUB
    363                        end_sensor[2]=(char)(temp)%10;
   \   000089   85....       MOV     ?V0 + 0,?V0 + 4
   \   00008C   85....       MOV     ?V0 + 1,?V0 + 5
   \   00008F   85....       MOV     ?V0 + 2,?V0 + 6
   \   000092   85....       MOV     ?V0 + 3,?V0 + 7
   \   000095   78..         MOV     R0,#?V0 + 0
   \   000097   12....       LCALL   ?FLT_TO_L
   \   00009A   E5..         MOV     A,?V0 + 0
   \   00009C   75F00A       MOV     B,#0xa
   \   00009F   84           DIV     AB
   \   0000A0   740B         MOV     A,#0xb
   \   0000A2   12....       LCALL   ?XSTACK_DISP0_8
   \   0000A5   12....       LCALL   ?Subroutine1 & 0xFFFF
    364                        end_sensor[3]=(char)(temp*10)%10;
   \                     ??CrossCallReturnLabel_2:
   \   0000A8   12....       LCALL   ?L_MOV_X
   \   0000AB   78..         MOV     R0,#?V0 + 0
   \   0000AD   79..         MOV     R1,#?V0 + 8
   \   0000AF   12....       LCALL   ?FLT_MUL
   \   0000B2   78..         MOV     R0,#?V0 + 0
   \   0000B4   12....       LCALL   ?FLT_TO_L
   \   0000B7   E5..         MOV     A,?V0 + 0
   \   0000B9   75F00A       MOV     B,#0xa
   \   0000BC   84           DIV     AB
   \   0000BD   740C         MOV     A,#0xc
   \   0000BF   12....       LCALL   ?XSTACK_DISP0_8
   \   0000C2   12....       LCALL   ?Subroutine2 & 0xFFFF
    365                        end_sensor[4]=(char)(temp*100)%10;
   \                     ??CrossCallReturnLabel_4:
   \   0000C5   12....       LCALL   ?L_MOV_X
   \   0000C8   78..         MOV     R0,#?V0 + 0
   \   0000CA   79..         MOV     R1,#?V0 + 8
   \   0000CC   12....       LCALL   ?FLT_MUL
   \   0000CF   78..         MOV     R0,#?V0 + 0
   \   0000D1   12....       LCALL   ?FLT_TO_L
   \   0000D4   E5..         MOV     A,?V0 + 0
   \   0000D6   75F00A       MOV     B,#0xa
   \   0000D9   84           DIV     AB
   \   0000DA   740D         MOV     A,#0xd
   \   0000DC   12....       LCALL   ?XSTACK_DISP0_8
   \   0000DF   E5F0         MOV     A,B
   \   0000E1   F0           MOVX    @DPTR,A
    366                        end_sensor[5]=(char)(temp*1000)%10;
   \   0000E2   90....       MOV     DPTR,#__Constant_447a0000
   \   0000E5   78..         MOV     R0,#?V0 + 0
   \   0000E7   12....       LCALL   ?L_MOV_X
   \   0000EA   78..         MOV     R0,#?V0 + 4
   \   0000EC   79..         MOV     R1,#?V0 + 0
   \   0000EE   12....       LCALL   ?FLT_MUL
   \   0000F1   78..         MOV     R0,#?V0 + 4
   \   0000F3   12....       LCALL   ?FLT_TO_L
   \   0000F6   E5..         MOV     A,?V0 + 4
   \   0000F8   75F00A       MOV     B,#0xa
   \   0000FB   84           DIV     AB
   \   0000FC   740E         MOV     A,#0xe
   \   0000FE   12....       LCALL   ?XSTACK_DISP0_8
   \   000101   E5F0         MOV     A,B
   \   000103   F0           MOVX    @DPTR,A
    367                        temp=3.3-get6();//获取二氧化碳值
   \   000104   75..33       MOV     ?V0 + 4,#0x33
   \   000107   75..33       MOV     ?V0 + 5,#0x33
   \   00010A   75..53       MOV     ?V0 + 6,#0x53
   \   00010D   75..40       MOV     ?V0 + 7,#0x40
   \   000110                ; Setup parameters for call to function get6
   \   000110   12....       LCALL   ??get6?relay
   \   000113   8A..         MOV     ?V0 + 0,R2
   \   000115   8B..         MOV     ?V0 + 1,R3
   \   000117   8C..         MOV     ?V0 + 2,R4
   \   000119   8D..         MOV     ?V0 + 3,R5
   \   00011B   78..         MOV     R0,#?V0 + 4
   \   00011D   79..         MOV     R1,#?V0 + 0
   \   00011F   12....       LCALL   ?FLT_SUB
    368                        end_sensor[6]=(char)(temp)%10;
   \   000122   85....       MOV     ?V0 + 0,?V0 + 4
   \   000125   85....       MOV     ?V0 + 1,?V0 + 5
   \   000128   85....       MOV     ?V0 + 2,?V0 + 6
   \   00012B   85....       MOV     ?V0 + 3,?V0 + 7
   \   00012E   78..         MOV     R0,#?V0 + 0
   \   000130   12....       LCALL   ?FLT_TO_L
   \   000133   E5..         MOV     A,?V0 + 0
   \   000135   75F00A       MOV     B,#0xa
   \   000138   84           DIV     AB
   \   000139   740F         MOV     A,#0xf
   \   00013B   12....       LCALL   ?XSTACK_DISP0_8
   \   00013E   12....       LCALL   ?Subroutine1 & 0xFFFF
    369                        end_sensor[7]=(char)(temp*10)%10;
   \                     ??CrossCallReturnLabel_3:
   \   000141   12....       LCALL   ?L_MOV_X
   \   000144   78..         MOV     R0,#?V0 + 0
   \   000146   79..         MOV     R1,#?V0 + 8
   \   000148   12....       LCALL   ?FLT_MUL
   \   00014B   78..         MOV     R0,#?V0 + 0
   \   00014D   12....       LCALL   ?FLT_TO_L
   \   000150   E5..         MOV     A,?V0 + 0
   \   000152   75F00A       MOV     B,#0xa
   \   000155   84           DIV     AB
   \   000156   7410         MOV     A,#0x10
   \   000158   12....       LCALL   ?XSTACK_DISP0_8
   \   00015B   12....       LCALL   ?Subroutine2 & 0xFFFF
    370                        end_sensor[8]=(char)(temp*100)%10;
   \                     ??CrossCallReturnLabel_5:
   \   00015E   12....       LCALL   ?L_MOV_X
   \   000161   78..         MOV     R0,#?V0 + 0
   \   000163   79..         MOV     R1,#?V0 + 8
   \   000165   12....       LCALL   ?FLT_MUL
   \   000168   78..         MOV     R0,#?V0 + 0
   \   00016A   12....       LCALL   ?FLT_TO_L
   \   00016D   E5..         MOV     A,?V0 + 0
   \   00016F   75F00A       MOV     B,#0xa
   \   000172   84           DIV     AB
   \   000173   7411         MOV     A,#0x11
   \   000175   12....       LCALL   ?XSTACK_DISP0_8
   \   000178   E5F0         MOV     A,B
   \   00017A   F0           MOVX    @DPTR,A
    371                        end_sensor[9]=(char)(temp*1000)%10;
   \   00017B   90....       MOV     DPTR,#__Constant_447a0000
   \   00017E   78..         MOV     R0,#?V0 + 0
   \   000180   12....       LCALL   ?L_MOV_X
   \   000183   78..         MOV     R0,#?V0 + 4
   \   000185   79..         MOV     R1,#?V0 + 0
   \   000187   12....       LCALL   ?FLT_MUL
   \   00018A   78..         MOV     R0,#?V0 + 4
   \   00018C   12....       LCALL   ?FLT_TO_L
   \   00018F   E5..         MOV     A,?V0 + 4
   \   000191   75F00A       MOV     B,#0xa
   \   000194   84           DIV     AB
   \   000195   7412         MOV     A,#0x12
   \   000197   12....       LCALL   ?XSTACK_DISP0_8
   \   00019A   E5F0         MOV     A,B
   \   00019C   F0           MOVX    @DPTR,A
    372                        end_sensor[10]=0x68;
   \   00019D   7413         MOV     A,#0x13
   \   00019F   12....       LCALL   ?XSTACK_DISP0_8
   \   0001A2   7468         MOV     A,#0x68
   \   0001A4   F0           MOVX    @DPTR,A
    373                         if ( AF_DataRequest( &SampleApp_Periodic_DstAddr, &SampleApp_epDesc,
    374                                 SAMPLEAPP_PERIODIC_CLUSTERID,
    375                                 11,
    376                                 end_sensor,
    377                                 &SampleApp_TransID,
    378                                 AF_DISCV_ROUTE,
    379                                 AF_DEFAULT_RADIUS ) == afStatus_SUCCESS )
   \   0001A5                ; Setup parameters for call to function AF_DataRequest
   \   0001A5   75..1E       MOV     ?V0 + 0,#0x1e
   \   0001A8   78..         MOV     R0,#?V0 + 0
   \   0001AA   12....       LCALL   ?PUSH_XSTACK_I_ONE
   \   0001AD   75....       MOV     ?V0 + 0,#SampleApp_TransID & 0xff
   \   0001B0   75....       MOV     ?V0 + 1,#(SampleApp_TransID >> 8) & 0xff
   \   0001B3   78..         MOV     R0,#?V0 + 0
   \   0001B5   12....       LCALL   ?PUSH_XSTACK_I_TWO
   \   0001B8   740C         MOV     A,#0xc
   \   0001BA   12....       LCALL   ?XSTACK_DISP0_8
   \   0001BD   8582..       MOV     ?V0 + 0,DPL
   \   0001C0   8583..       MOV     ?V0 + 1,DPH
   \   0001C3   78..         MOV     R0,#?V0 + 0
   \   0001C5   12....       LCALL   ?PUSH_XSTACK_I_TWO
   \   0001C8   75..0B       MOV     ?V0 + 0,#0xb
   \   0001CB   75..00       MOV     ?V0 + 1,#0x0
   \   0001CE   78..         MOV     R0,#?V0 + 0
   \   0001D0   12....       LCALL   ?PUSH_XSTACK_I_TWO
   \   0001D3   75..01       MOV     ?V0 + 0,#0x1
   \   0001D6   78..         MOV     R0,#?V0 + 0
   \   0001D8   12....       LCALL   ?PUSH_XSTACK_I_TWO
   \   0001DB   7920         MOV     R1,#0x20
   \   0001DD   7C..         MOV     R4,#SampleApp_epDesc & 0xff
   \   0001DF   7D..         MOV     R5,#(SampleApp_epDesc >> 8) & 0xff
   \   0001E1   7A..         MOV     R2,#SampleApp_Periodic_DstAddr & 0xff
   \   0001E3   7B..         MOV     R3,#(SampleApp_Periodic_DstAddr >> 8) & 0xff
   \   0001E5   12....       LCALL   ??AF_DataRequest?relay
   \   0001E8   7409         MOV     A,#0x9
   \   0001EA   12....       LCALL   ?DEALLOC_XSTACK8
   \   0001ED   E9           MOV     A,R1
   \   0001EE   6003         JZ      $+5
   \   0001F0   02....       LJMP    ??SampleApp_MessageMSGCB_0 & 0xFFFF
    380                          {
    381                            shidu_cel=shidu_shi*10+shidu_ge;
    382                            if(shidu_cel>set_shidu)
   \   0001F3   75F00A       MOV     B,#0xa
   \   0001F6   90....       MOV     DPTR,#shidu_shi
   \   0001F9   E0           MOVX    A,@DPTR
   \   0001FA   A4           MUL     AB
   \   0001FB   7583..       MOV     DPH,#(shidu_ge >> 8) & 0xff
   \   0001FE   7582..       MOV     DPL,#shidu_ge & 0xff
   \   000201   F8           MOV     R0,A
   \   000202   E0           MOVX    A,@DPTR
   \   000203   28           ADD     A,R0
   \   000204   F8           MOV     R0,A
   \   000205   90....       MOV     DPTR,#set_shidu
   \   000208   E0           MOVX    A,@DPTR
   \   000209   C3           CLR     C
   \   00020A   98           SUBB    A,R0
   \   00020B   5011         JNC     ??SampleApp_MessageMSGCB_3
    383                            {
    384                               HalLedSet(HAL_LED_1,HAL_LED_MODE_ON);
   \   00020D                ; Setup parameters for call to function HalLedSet
   \   00020D   7A01         MOV     R2,#0x1
   \   00020F   7901         MOV     R1,#0x1
   \   000211   12....       LCALL   ??HalLedSet?relay
    385                               HalLedSet(HAL_LED_2,HAL_LED_MODE_ON);
   \   000214                ; Setup parameters for call to function HalLedSet
   \   000214   7A01         MOV     R2,#0x1
   \                     ??SampleApp_MessageMSGCB_4:
   \   000216   7902         MOV     R1,#0x2
   \   000218   12....       LCALL   ??HalLedSet?relay
   \   00021B   02....       LJMP    ??SampleApp_MessageMSGCB_0 & 0xFFFF
    386                            }
    387                            else
    388                            {
    389                               HalLedSet(HAL_LED_1,HAL_LED_MODE_OFF);
   \                     ??SampleApp_MessageMSGCB_3:
   \   00021E                ; Setup parameters for call to function HalLedSet
   \   00021E   7A00         MOV     R2,#0x0
   \   000220   7901         MOV     R1,#0x1
   \   000222   12....       LCALL   ??HalLedSet?relay
    390                               HalLedSet(HAL_LED_2,HAL_LED_MODE_OFF);
   \   000225                ; Setup parameters for call to function HalLedSet
   \   000225   7A00         MOV     R2,#0x0
   \   000227   80ED         SJMP    ??SampleApp_MessageMSGCB_4
    391                            }
    392                          }
    393                          else
    394                          {
    395                            // Error occurred in request to send.
    396                          }            
    397                    }
    398                   break;
    399                  case  SAMPLEAPP_FLASH_CLUSTERID: //表示参数下发
    400                     osal_memcpy(coor_to_con,pkt->cmd.Data,pkt->cmd.DataLength);   // 对无线数据进行处理
   \                     ??SampleApp_MessageMSGCB_2:
   \   000229                ; Setup parameters for call to function osal_memcpy
   \   000229   12....       LCALL   ?Subroutine0 & 0xFFFF
   \                     ??CrossCallReturnLabel_1:
   \   00022C   12....       LCALL   ?PUSH_XSTACK_I_THREE
   \   00022F   12....       LCALL   ?Subroutine3 & 0xFFFF
   \                     ??CrossCallReturnLabel_7:
   \   000232   7406         MOV     A,#0x6
   \   000234   12....       LCALL   ?XSTACK_DISP0_8
   \   000237   AA82         MOV     R2,DPL
   \   000239   AB83         MOV     R3,DPH
   \   00023B   12....       LCALL   ??osal_memcpy?relay
   \   00023E   7403         MOV     A,#0x3
   \   000240   12....       LCALL   ?DEALLOC_XSTACK8
    401                     if(coor_to_con[0]==0x01&&coor_to_con[1]==0x04)
   \   000243   7403         MOV     A,#0x3
   \   000245   12....       LCALL   ?XSTACK_DISP0_8
   \   000248   E0           MOVX    A,@DPTR
   \   000249   6401         XRL     A,#0x1
   \   00024B   7073         JNZ     ??SampleApp_MessageMSGCB_0
   \   00024D   7404         MOV     A,#0x4
   \   00024F   12....       LCALL   ?XSTACK_DISP0_8
   \   000252   E0           MOVX    A,@DPTR
   \   000253   6404         XRL     A,#0x4
   \   000255   7069         JNZ     ??SampleApp_MessageMSGCB_0
    402                     {
    403                       set_shidu=coor_to_con[2];
   \   000257   7405         MOV     A,#0x5
   \   000259   12....       LCALL   ?XSTACK_DISP0_8
   \   00025C   E0           MOVX    A,@DPTR
   \   00025D   90....       MOV     DPTR,#set_shidu
   \   000260   F0           MOVX    @DPTR,A
    404                       end_con[0]=0x01;
   \   000261   85..82       MOV     DPL,?XSP + 0
   \   000264   85..83       MOV     DPH,?XSP + 1
   \   000267   7401         MOV     A,#0x1
   \   000269   F0           MOVX    @DPTR,A
    405                        end_con[1]=0x04;
   \   00026A   12....       LCALL   ?XSTACK_DISP0_8
   \   00026D   7404         MOV     A,#0x4
   \   00026F   F0           MOVX    @DPTR,A
    406                         end_con[2]=0x68;
   \   000270   7402         MOV     A,#0x2
   \   000272   12....       LCALL   ?XSTACK_DISP0_8
   \   000275   7468         MOV     A,#0x68
   \   000277   F0           MOVX    @DPTR,A
    407                        if ( AF_DataRequest( &SampleApp_Periodic_DstAddr, &SampleApp_epDesc,
    408                                 SAMPLEAPP_FLASH_CLUSTERID,
    409                                 3,
    410                                 end_con,
    411                                 &SampleApp_TransID,
    412                                 AF_DISCV_ROUTE,
    413                                 AF_DEFAULT_RADIUS ) == afStatus_SUCCESS )
   \   000278                ; Setup parameters for call to function AF_DataRequest
   \   000278   75..1E       MOV     ?V0 + 0,#0x1e
   \   00027B   78..         MOV     R0,#?V0 + 0
   \   00027D   12....       LCALL   ?PUSH_XSTACK_I_ONE
   \   000280   75....       MOV     ?V0 + 0,#SampleApp_TransID & 0xff
   \   000283   75....       MOV     ?V0 + 1,#(SampleApp_TransID >> 8) & 0xff
   \   000286   78..         MOV     R0,#?V0 + 0
   \   000288   12....       LCALL   ?PUSH_XSTACK_I_TWO
   \   00028B   7403         MOV     A,#0x3
   \   00028D   12....       LCALL   ?XSTACK_DISP0_8
   \   000290   8582..       MOV     ?V0 + 0,DPL
   \   000293   8583..       MOV     ?V0 + 1,DPH
   \   000296   78..         MOV     R0,#?V0 + 0
   \   000298   12....       LCALL   ?PUSH_XSTACK_I_TWO
   \   00029B   75..03       MOV     ?V0 + 0,#0x3
   \   00029E   75..00       MOV     ?V0 + 1,#0x0
   \   0002A1   78..         MOV     R0,#?V0 + 0
   \   0002A3   12....       LCALL   ?PUSH_XSTACK_I_TWO
   \   0002A6   75..02       MOV     ?V0 + 0,#0x2
   \   0002A9   78..         MOV     R0,#?V0 + 0
   \   0002AB   12....       LCALL   ?PUSH_XSTACK_I_TWO
   \   0002AE   7920         MOV     R1,#0x20
   \   0002B0   7C..         MOV     R4,#SampleApp_epDesc & 0xff
   \   0002B2   7D..         MOV     R5,#(SampleApp_epDesc >> 8) & 0xff
   \   0002B4   7A..         MOV     R2,#SampleApp_Periodic_DstAddr & 0xff
   \   0002B6   7B..         MOV     R3,#(SampleApp_Periodic_DstAddr >> 8) & 0xff
   \   0002B8   12....       LCALL   ??AF_DataRequest?relay
   \   0002BB   7409         MOV     A,#0x9
   \   0002BD   12....       LCALL   ?DEALLOC_XSTACK8
    414                          {
    415                            
    416                          }
    417                          else
    418                          {
    419                            // Error occurred in request to send.
    420                          }         
    421                     }
    422              
    423                break;
    424          
    425            }
    426          }
   \                     ??SampleApp_MessageMSGCB_0:
   \   0002C0   7415         MOV     A,#0x15
   \   0002C2   12....       LCALL   ?DEALLOC_XSTACK8
   \   0002C5   7F0C         MOV     R7,#0xc
   \   0002C7   02....       LJMP    ?BANKED_LEAVE_XDATA

   \                                 In  segment BANKED_CODE, align 1, keep-with-next
   \                     ?Subroutine3:
   \   000000   EA           MOV     A,R2
   \   000001   241F         ADD     A,#0x1f
   \   000003   F582         MOV     DPL,A
   \   000005   EB           MOV     A,R3
   \   000006   3400         ADDC    A,#0x0
   \   000008   F583         MOV     DPH,A
   \   00000A   E0           MOVX    A,@DPTR
   \   00000B   FC           MOV     R4,A
   \   00000C   A3           INC     DPTR
   \   00000D   E0           MOVX    A,@DPTR
   \   00000E   FD           MOV     R5,A
   \   00000F   22           RET

   \                                 In  segment BANKED_CODE, align 1, keep-with-next
   \                     ?Subroutine2:
   \   000000   12....       LCALL   ?Subroutine4 & 0xFFFF
   \                     ??CrossCallReturnLabel_8:
   \   000003   90....       MOV     DPTR,#__Constant_42c80000
   \   000006   78..         MOV     R0,#?V0 + 8
   \   000008   22           RET

   \                                 In  segment BANKED_CODE, align 1, keep-with-next
   \                     ?Subroutine1:
   \   000000   12....       LCALL   ?Subroutine4 & 0xFFFF
   \                     ??CrossCallReturnLabel_9:
   \   000003   90....       MOV     DPTR,#__Constant_41200000
   \   000006   78..         MOV     R0,#?V0 + 8
   \   000008   22           RET

   \                                 In  segment BANKED_CODE, align 1, keep-with-next
   \                     ?Subroutine4:
   \   000000   E5F0         MOV     A,B
   \   000002   F0           MOVX    @DPTR,A
   \   000003   85....       MOV     ?V0 + 0,?V0 + 4
   \   000006   85....       MOV     ?V0 + 1,?V0 + 5
   \   000009   85....       MOV     ?V0 + 2,?V0 + 6
   \   00000C   85....       MOV     ?V0 + 3,?V0 + 7
   \   00000F   22           RET

   \                                 In  segment BANKED_CODE, align 1, keep-with-next
   \                     ?Subroutine0:
   \   000000   EA           MOV     A,R2
   \   000001   2421         ADD     A,#0x21
   \   000003   F582         MOV     DPL,A
   \   000005   EB           MOV     A,R3
   \   000006   3400         ADDC    A,#0x0
   \   000008   F583         MOV     DPH,A
   \   00000A   E0           MOVX    A,@DPTR
   \   00000B   F5..         MOV     ?V0 + 0,A
   \   00000D   A3           INC     DPTR
   \   00000E   E0           MOVX    A,@DPTR
   \   00000F   F5..         MOV     ?V0 + 1,A
   \   000011   75..00       MOV     ?V0 + 2,#0x0
   \   000014   78..         MOV     R0,#?V0 + 0
   \   000016   22           RET
    427          
    428          /*********************************************************************
    429           * @fn      SampleApp_SendPeriodicMessage
    430           *
    431           * @brief   Send the periodic message.
    432           *
    433           * @param   none
    434           *
    435           * @return  none
    436           */

   \                                 In  segment BANKED_CODE, align 1, keep-with-next
    437          void SampleApp_SendPeriodicMessage( void )
   \                     SampleApp_SendPeriodicMessage:
    438          {
   \   000000                ; Saved register size: 0
   \   000000                ; Auto size: 0
    439            
    440            
    441            
    442          }
   \   000000   02....       LJMP    ?BRET
    443          
    444          /*********************************************************************
    445           * @fn      SampleApp_SendFlashMessage
    446           *
    447           * @brief   Send the flash message to group 1.
    448           *
    449           * @param   flashTime - in milliseconds
    450           *
    451           * @return  none
    452           */

   \                                 In  segment BANKED_CODE, align 1, keep-with-next
    453          void SampleApp_SendFlashMessage( uint16 flashTime )
   \                     SampleApp_SendFlashMessage:
    454          {
   \   000000                ; Saved register size: 0
   \   000000                ; Auto size: 0
    455           
    456          }
   \   000000   02....       LJMP    ?BRET

   \                                 In  segment XDATA_ID, align 1, keep-with-next
   \                     `?<Initializer for set_shidu>`:
   \   000000   3C           DB 60

   \                                 In  segment BANK_RELAYS, align 1
   \                     ??SampleApp_Init?relay:
   \   000000   12....       LCALL   ?BDISPATCH
   \   000003   ......       DC24    SampleApp_Init

   \                                 In  segment BANK_RELAYS, align 1
   \                     ??SampleApp_ProcessEvent?relay:
   \   000000   12....       LCALL   ?BDISPATCH
   \   000003   ......       DC24    SampleApp_ProcessEvent

   \                                 In  segment BANK_RELAYS, align 1
   \                     ??SampleApp_MessageMSGCB?relay:
   \   000000   12....       LCALL   ?BDISPATCH
   \   000003   ......       DC24    SampleApp_MessageMSGCB

   \                                 In  segment BANK_RELAYS, align 1
   \                     ??SampleApp_SendPeriodicMessage?relay:
   \   000000   12....       LCALL   ?BDISPATCH
   \   000003   ......       DC24    SampleApp_SendPeriodicMessage

   \                                 In  segment BANK_RELAYS, align 1
   \                     ??SampleApp_SendFlashMessage?relay:
   \   000000   12....       LCALL   ?BDISPATCH
   \   000003   ......       DC24    SampleApp_SendFlashMessage

   \                                 In  segment XDATA_ROM_C, align 1
   \                     `?<Constant "Group 1">`:
   \   000000   47726F75     DB "Group 1"
   \            70203100

   \                                 In  segment XDATA_ROM_C, align 1
   \                     __Constant_41200000:
   \   000000   00002041     DD 41200000H

   \                                 In  segment XDATA_ROM_C, align 1
   \                     __Constant_42c80000:
   \   000000   0000C842     DD 42C80000H

   \                                 In  segment XDATA_ROM_C, align 1
   \                     __Constant_447a0000:
   \   000000   00007A44     DD 447A0000H
    457          
    458          
    459          

   Maximum stack usage in bytes:

     Function                      ISTACK PSTACK XSTACK
     --------                      ------ ------ ------
     SampleApp_Init                    0      0     14
       -> afRegister                   0      0     22
       -> RegisterForKeys              0      0     22
       -> osal_memcpy                  0      0     28
       -> aps_AddGroup                 0      0     22
     SampleApp_MessageMSGCB            2      0     62
       -> osal_memcpy                  0      0     88
       -> get5                         0      0     82
       -> get6                         0      0     82
       -> AF_DataRequest               0      0    100
       -> HalLedSet                    0      0     82
       -> HalLedSet                    0      0     82
       -> HalLedSet                    0      0     82
       -> HalLedSet                    0      0     82
       -> osal_memcpy                  0      0     88
       -> AF_DataRequest               0      0    100
     SampleApp_ProcessEvent            0      0     12
       -> osal_msg_receive             0      0     24
       -> HalLedSet                    0      0     24
       -> HalLedSet                    0      0     24
       -> HalLedBlink                  0      0     24
       -> osal_msg_deallocate          0      0     24
       -> osal_msg_receive             0      0     24
       -> SampleApp_MessageMSGCB       0      0     24
       -> osal_start_timerEx           0      0     24
     SampleApp_SendFlashMessage        0      0      0
     SampleApp_SendPeriodicMessage     0      0      0


   Segment part sizes:

     Function/Label                        Bytes
     --------------                        -----
     _A_P1                                    1
     P1SEL                                    1
     P1INP                                    1
     P1DIR                                    1
     LedState                                 1
     set_shidu                                1
     SampleApp_ClusterList                    8
     SampleApp_SimpleDesc                    12
     SampleApp_epDesc                         6
     SampleApp_TaskID                         1
     SampleApp_NwkState                       1
     SampleApp_TransID                        1
     SampleApp_Periodic_DstAddr              12
     SampleApp_Flash_DstAddr                 12
     SampleApp_Group                         18
     SampleAppPeriodicCounter                 1
     SampleAppFlashCounter                    1
     sensor_value                            20
     SampleApp_Init                         150
     SampleApp_ProcessEvent                 164
     SampleApp_MessageMSGCB                 714
     ?Subroutine3                            16
     ?Subroutine2                             9
     ?Subroutine1                             9
     ?Subroutine4                            16
     ?Subroutine0                            23
     SampleApp_SendPeriodicMessage            3
     SampleApp_SendFlashMessage               3
     ?<Initializer for set_shidu>             1
     ??SampleApp_Init?relay                   6
     ??SampleApp_ProcessEvent?relay           6
     ??SampleApp_MessageMSGCB?relay           6
     ??SampleApp_SendPeriodicMessage?relay    6
     ??SampleApp_SendFlashMessage?relay       6
     ?<Constant "Group 1">                    8
     __Constant_41200000                      4
     __Constant_42c80000                      4
     __Constant_447a0000                      4

 
 1 107 bytes in segment BANKED_CODE
    30 bytes in segment BANK_RELAYS
     4 bytes in segment SFR_AN
     1 byte  in segment XDATA_I
     1 byte  in segment XDATA_ID
    40 bytes in segment XDATA_ROM_C
    74 bytes in segment XDATA_Z
 
 1 138 bytes of CODE  memory
    28 bytes of CONST memory (+ 12 bytes shared)
     0 bytes of DATA  memory (+  4 bytes shared)
    75 bytes of XDATA memory

Errors: none
Warnings: 2
